<?xml version="1.0" encoding="UTF-8"?>
<!-- Generated by org.testng.reporters.JUnitReportReporter -->
<testsuite hostname="LAPTOP-BGGDLR48" failures="0" tests="1" name="com.testing_features.Time_Out" time="6.036" errors="0" timestamp="2022-01-21T20:58:14 IST" skipped="0">
  <testcase classname="com.testing_features.Time_Out" name="demo" time="6.036"/>
  <system-out/>
</testsuite> <!-- com.testing_features.Time_Out -->
