<?xml version="1.0" encoding="UTF-8"?>
<!-- Generated by org.testng.reporters.JUnitReportReporter -->
<testsuite hostname="LAPTOP-BGGDLR48" failures="0" tests="1" name="com.testing_features.Expected_Expections" time="0.015" errors="0" timestamp="2022-01-21T21:04:06 IST" skipped="0">
  <testcase classname="com.testing_features.Expected_Expections" name="demo" time="0.015"/>
  <system-out/>
</testsuite> <!-- com.testing_features.Expected_Expections -->
