<?xml version="1.0" encoding="UTF-8"?>
<!-- Generated by org.testng.reporters.JUnitReportReporter -->
<testsuite hostname="LAPTOP-BGGDLR48" failures="0" tests="3" name="com.testing_features.Simple_Annoations" time="0.149" errors="0" timestamp="2022-01-19T20:14:14 IST" skipped="0">
  <testcase classname="com.testing_features.Simple_Annoations" name="women" time="0.085"/>
  <system-out/>
  <testcase classname="com.testing_features.Simple_Annoations" name="men" time="0.021"/>
  <system-out/>
  <testcase classname="com.testing_features.Simple_Annoations" name="kids" time="0.043"/>
  <system-out/>
</testsuite> <!-- com.testing_features.Simple_Annoations -->
