<?xml version="1.0" encoding="UTF-8"?>
<!-- Generated by org.testng.reporters.JUnitReportReporter -->
<testsuite hostname="LAPTOP-BGGDLR48" failures="0" tests="5" name="com.testing_features.Grouping" time="0.026" errors="0" timestamp="2022-01-21T20:52:05 IST" skipped="0">
  <testcase classname="com.testing_features.Grouping" name="carrot" time="0.002"/>
  <system-out/>
  <testcase classname="com.testing_features.Grouping" name="apple" time="0.014"/>
  <system-out/>
  <testcase classname="com.testing_features.Grouping" name="banana" time="0.003"/>
  <system-out/>
  <testcase classname="com.testing_features.Grouping" name="onion" time="0.003"/>
  <system-out/>
  <testcase classname="com.testing_features.Grouping" name="orange" time="0.004"/>
  <system-out/>
</testsuite> <!-- com.testing_features.Grouping -->
