<?xml version="1.0" encoding="UTF-8"?>
<!-- Generated by org.testng.reporters.JUnitReportReporter -->
<testsuite hostname="LAPTOP-BGGDLR48" failures="0" tests="5" name="com.testing_features.Ignore_Concept" time="0.012" errors="0" timestamp="2022-01-19T20:55:15 IST" skipped="1">
  <testcase classname="com.testing_features.Ignore_Concept" name="potato" time="0.008"/>
  <system-out/>
  <testcase classname="com.testing_features.Ignore_Concept" name="potato" time="0.001"/>
  <system-out/>
  <testcase classname="com.testing_features.Ignore_Concept" name="potato" time="0.001"/>
  <system-out/>
  <testcase classname="com.testing_features.Ignore_Concept" name="orange" time="0.002"/>
  <system-out/>
  <testcase classname="com.testing_features.Ignore_Concept" name="apple">
    <skipped/>
  </testcase> <!-- apple -->
  <system-out/>
</testsuite> <!-- com.testing_features.Ignore_Concept -->
