<?xml version="1.0" encoding="UTF-8"?>
<!-- Generated by org.testng.reporters.JUnitReportReporter -->
<testsuite hostname="LAPTOP-BGGDLR48" failures="0" tests="2" name="com.testing_features.Dataprovider_Concept" time="0.013" errors="0" timestamp="2022-01-24T02:43:15 IST" skipped="0">
  <testcase classname="com.testing_features.Dataprovider_Concept" name="credentials" time="0.003"/>
  <system-out/>
  <testcase classname="com.testing_features.Dataprovider_Concept" name="credentials" time="0.010"/>
  <system-out/>
</testsuite> <!-- com.testing_features.Dataprovider_Concept -->
