<?xml version="1.0" encoding="UTF-8"?>
<!-- Generated by org.testng.reporters.JUnitReportReporter -->
<testsuite hostname="LAPTOP-BGGDLR48" failures="0" tests="1" name="com.testing_features.Assert_Concept" time="0.017" errors="0" timestamp="2022-01-24T02:58:26 IST" skipped="0">
  <testcase classname="com.testing_features.Assert_Concept" name="demo_Username" time="0.017"/>
  <system-out/>
</testsuite> <!-- com.testing_features.Assert_Concept -->
