<?xml version="1.0" encoding="UTF-8"?>
<!-- Generated by org.testng.reporters.JUnitReportReporter -->
<testsuite hostname="LAPTOP-BGGDLR48" failures="0" tests="2" name="com.testing_features.Dependency_Concept" time="0.014" errors="0" timestamp="2022-01-25T04:59:43 IST" skipped="0">
  <testcase classname="com.testing_features.Dependency_Concept" name="tenth" time="0.013"/>
  <system-out/>
  <testcase classname="com.testing_features.Dependency_Concept" name="twelth" time="0.001"/>
  <system-out/>
</testsuite> <!-- com.testing_features.Dependency_Concept -->
