<?xml version="1.0" encoding="UTF-8"?>
<!-- Generated by org.testng.reporters.JUnitReportReporter -->
<testsuite hostname="LAPTOP-BGGDLR48" failures="0" tests="1" name="com.testing_features.Assert_Concept2" time="0.025" errors="0" timestamp="2022-01-24T03:06:08 IST" skipped="0">
  <testcase classname="com.testing_features.Assert_Concept2" name="demo" time="0.025"/>
  <system-out/>
</testsuite> <!-- com.testing_features.Assert_Concept2 -->
