<?xml version="1.0" encoding="UTF-8"?>
<!-- Generated by org.testng.reporters.JUnitReportReporter -->
<testsuite hostname="LAPTOP-BGGDLR48" failures="0" tests="1" name="com.testing_features.Parameterized_Concept" time="0.014" errors="0" timestamp="2022-01-21T21:31:44 IST" skipped="0">
  <testcase classname="com.testing_features.Parameterized_Concept" name="facbook_Login" time="0.014"/>
  <system-out/>
</testsuite> <!-- com.testing_features.Parameterized_Concept -->
